<?xml version="1.0" encoding="UTF-8"?>
<coverage generated="1688806153492" clover="3.2.0">
  <project timestamp="1688806153492" name="All files">
    <metrics statements="95" coveredstatements="55" conditionals="45" coveredconditionals="2" methods="21" coveredmethods="10" elements="161" coveredelements="67" complexity="0" loc="95" ncloc="95" packages="1" files="3" classes="3"/>
    <file name="global.ts" path="C:\Users\clark\Work\Personal\GitHub\opensonic-js\src\sonic\core\global.ts">
      <metrics statements="14" coveredstatements="14" conditionals="0" coveredconditionals="0" methods="0" coveredmethods="0"/>
      <line num="2" count="1" type="stmt"/>
      <line num="5" count="1" type="stmt"/>
      <line num="6" count="1" type="stmt"/>
      <line num="7" count="1" type="stmt"/>
      <line num="8" count="1" type="stmt"/>
      <line num="9" count="1" type="stmt"/>
      <line num="12" count="1" type="stmt"/>
      <line num="13" count="1" type="stmt"/>
      <line num="14" count="1" type="stmt"/>
      <line num="15" count="1" type="stmt"/>
      <line num="16" count="1" type="stmt"/>
      <line num="17" count="1" type="stmt"/>
      <line num="18" count="1" type="stmt"/>
      <line num="19" count="1" type="stmt"/>
    </file>
    <file name="util.ts" path="C:\Users\clark\Work\Personal\GitHub\opensonic-js\src\sonic\core\util.ts">
      <metrics statements="52" coveredstatements="12" conditionals="43" coveredconditionals="0" methods="12" coveredmethods="1"/>
      <line num="9" count="1" type="stmt"/>
      <line num="10" count="0" type="stmt"/>
      <line num="12" count="0" type="stmt"/>
      <line num="13" count="0" type="cond" truecount="0" falsecount="2"/>
      <line num="14" count="0" type="stmt"/>
      <line num="15" count="0" type="stmt"/>
      <line num="17" count="0" type="stmt"/>
      <line num="18" count="0" type="cond" truecount="0" falsecount="2"/>
      <line num="19" count="0" type="stmt"/>
      <line num="21" count="0" type="stmt"/>
      <line num="28" count="1" type="stmt"/>
      <line num="29" count="0" type="stmt"/>
      <line num="36" count="1" type="stmt"/>
      <line num="37" count="0" type="cond" truecount="0" falsecount="3"/>
      <line num="45" count="1" type="stmt"/>
      <line num="46" count="0" type="stmt"/>
      <line num="53" count="1" type="stmt"/>
      <line num="54" count="0" type="stmt"/>
      <line num="61" count="1" type="stmt"/>
      <line num="62" count="1" type="stmt"/>
      <line num="70" count="1" type="stmt"/>
      <line num="71" count="0" type="cond" truecount="0" falsecount="4"/>
      <line num="81" count="1" type="stmt"/>
      <line num="82" count="0" type="stmt"/>
      <line num="85" count="1" type="stmt"/>
      <line num="86" count="0" type="stmt"/>
      <line num="93" count="1" type="stmt"/>
      <line num="94" count="0" type="cond" truecount="0" falsecount="4"/>
      <line num="95" count="0" type="stmt"/>
      <line num="96" count="0" type="cond" truecount="0" falsecount="4"/>
      <line num="97" count="0" type="stmt"/>
      <line num="98" count="0" type="cond" truecount="0" falsecount="4"/>
      <line num="99" count="0" type="stmt"/>
      <line num="100" count="0" type="cond" truecount="0" falsecount="4"/>
      <line num="101" count="0" type="stmt"/>
      <line num="102" count="0" type="cond" truecount="0" falsecount="4"/>
      <line num="103" count="0" type="stmt"/>
      <line num="104" count="0" type="cond" truecount="0" falsecount="4"/>
      <line num="105" count="0" type="stmt"/>
      <line num="106" count="0" type="cond" truecount="0" falsecount="4"/>
      <line num="107" count="0" type="stmt"/>
      <line num="108" count="0" type="cond" truecount="0" falsecount="4"/>
      <line num="109" count="0" type="stmt"/>
      <line num="111" count="0" type="stmt"/>
      <line num="119" count="1" type="stmt"/>
      <line num="120" count="0" type="stmt"/>
      <line num="121" count="0" type="stmt"/>
      <line num="124" count="0" type="stmt"/>
      <line num="125" count="0" type="stmt"/>
      <line num="126" count="0" type="stmt"/>
      <line num="127" count="0" type="stmt"/>
      <line num="129" count="0" type="stmt"/>
    </file>
    <file name="v2d.ts" path="C:\Users\clark\Work\Personal\GitHub\opensonic-js\src\sonic\core\v2d.ts">
      <metrics statements="29" coveredstatements="29" conditionals="2" coveredconditionals="2" methods="9" coveredmethods="9"/>
      <line num="15" count="1" type="stmt"/>
      <line num="16" count="17" type="stmt"/>
      <line num="17" count="17" type="stmt"/>
      <line num="24" count="1" type="stmt"/>
      <line num="25" count="1" type="stmt"/>
      <line num="26" count="1" type="stmt"/>
      <line num="33" count="1" type="stmt"/>
      <line num="34" count="1" type="stmt"/>
      <line num="35" count="1" type="stmt"/>
      <line num="42" count="1" type="stmt"/>
      <line num="43" count="1" type="stmt"/>
      <line num="44" count="1" type="stmt"/>
      <line num="51" count="1" type="stmt"/>
      <line num="52" count="3" type="stmt"/>
      <line num="59" count="1" type="stmt"/>
      <line num="60" count="1" type="stmt"/>
      <line num="67" count="1" type="stmt"/>
      <line num="68" count="1" type="stmt"/>
      <line num="69" count="1" type="stmt"/>
      <line num="70" count="1" type="stmt"/>
      <line num="74" count="1" type="stmt"/>
      <line num="82" count="1" type="stmt"/>
      <line num="83" count="2" type="stmt"/>
      <line num="84" count="2" type="cond" truecount="2" falsecount="0"/>
      <line num="85" count="2" type="stmt"/>
      <line num="95" count="1" type="stmt"/>
      <line num="96" count="1" type="stmt"/>
      <line num="97" count="1" type="stmt"/>
      <line num="98" count="1" type="stmt"/>
    </file>
  </project>
</coverage>
