{"C:\\Users\\clark\\Work\\Personal\\GitHub\\opensonic-js\\src\\sonic\\core\\global.ts": {"path":"C:\\Users\\clark\\Work\\Personal\\GitHub\\opensonic-js\\src\\sonic\\core\\global.ts","statementMap":{"0":{"start":{"line":2,"column":38},"end":{"line":2,"column":40}},"1":{"start":{"line":5,"column":38},"end":{"line":5,"column":50}},"2":{"start":{"line":6,"column":38},"end":{"line":6,"column":39}},"3":{"start":{"line":7,"column":38},"end":{"line":7,"column":39}},"4":{"start":{"line":8,"column":38},"end":{"line":8,"column":39}},"5":{"start":{"line":9,"column":38},"end":{"line":9,"column":70}},"6":{"start":{"line":12,"column":38},"end":{"line":12,"column":44}},"7":{"start":{"line":13,"column":38},"end":{"line":13,"column":46}},"8":{"start":{"line":14,"column":39},"end":{"line":14,"column":46}},"9":{"start":{"line":15,"column":38},"end":{"line":15,"column":47}},"10":{"start":{"line":16,"column":38},"end":{"line":16,"column":45}},"11":{"start":{"line":17,"column":38},"end":{"line":17,"column":39}},"12":{"start":{"line":18,"column":38},"end":{"line":18,"column":42}},"13":{"start":{"line":19,"column":38},"end":{"line":19,"column":42}}},"fnMap":{},"branchMap":{},"s":{"0":1,"1":1,"2":1,"3":1,"4":1,"5":1,"6":1,"7":1,"8":1,"9":1,"10":1,"11":1,"12":1,"13":1},"f":{},"b":{},"_coverageSchema":"1a1c01bbd47fc00a2c39e90264f33305004495a9","hash":"5891140afef18a28ff91791e4fc7a8717a650996"}
,"C:\\Users\\clark\\Work\\Personal\\GitHub\\opensonic-js\\src\\sonic\\core\\util.js": {"path":"C:\\Users\\clark\\Work\\Personal\\GitHub\\opensonic-js\\src\\sonic\\core\\util.js","statementMap":{"0":{"start":{"line":5,"column":28},"end":{"line":18,"column":1}},"1":{"start":{"line":6,"column":17},"end":{"line":6,"column":21}},"2":{"start":{"line":8,"column":15},"end":{"line":8,"column":20}},"3":{"start":{"line":9,"column":4},"end":{"line":12,"column":5}},"4":{"start":{"line":10,"column":23},"end":{"line":10,"column":60}},"5":{"start":{"line":11,"column":6},"end":{"line":11,"column":43}},"6":{"start":{"line":13,"column":4},"end":{"line":13,"column":20}},"7":{"start":{"line":14,"column":4},"end":{"line":15,"column":35}},"8":{"start":{"line":15,"column":6},"end":{"line":15,"column":35}},"9":{"start":{"line":17,"column":2},"end":{"line":17,"column":31}},"10":{"start":{"line":20,"column":23},"end":{"line":22,"column":1}},"11":{"start":{"line":21,"column":2},"end":{"line":21,"column":20}},"12":{"start":{"line":24,"column":23},"end":{"line":27,"column":1}},"13":{"start":{"line":25,"column":2},"end":{"line":26,"column":38}},"14":{"start":{"line":29,"column":25},"end":{"line":31,"column":1}},"15":{"start":{"line":30,"column":2},"end":{"line":30,"column":35}},"16":{"start":{"line":33,"column":22},"end":{"line":35,"column":1}},"17":{"start":{"line":34,"column":2},"end":{"line":34,"column":51}},"18":{"start":{"line":37,"column":20},"end":{"line":39,"column":1}},"19":{"start":{"line":38,"column":2},"end":{"line":38,"column":41}},"20":{"start":{"line":41,"column":28},"end":{"line":43,"column":1}},"21":{"start":{"line":42,"column":2},"end":{"line":42,"column":60}},"22":{"start":{"line":45,"column":34},"end":{"line":47,"column":1}},"23":{"start":{"line":46,"column":2},"end":{"line":46,"column":58}},"24":{"start":{"line":49,"column":20},"end":{"line":51,"column":1}},"25":{"start":{"line":50,"column":2},"end":{"line":50,"column":32}},"26":{"start":{"line":53,"column":32},"end":{"line":72,"column":1}},"27":{"start":{"line":54,"column":2},"end":{"line":71,"column":13}},"28":{"start":{"line":55,"column":4},"end":{"line":55,"column":13}},"29":{"start":{"line":56,"column":7},"end":{"line":71,"column":13}},"30":{"start":{"line":57,"column":4},"end":{"line":57,"column":16}},"31":{"start":{"line":58,"column":7},"end":{"line":71,"column":13}},"32":{"start":{"line":59,"column":4},"end":{"line":59,"column":16}},"33":{"start":{"line":60,"column":7},"end":{"line":71,"column":13}},"34":{"start":{"line":61,"column":4},"end":{"line":61,"column":18}},"35":{"start":{"line":62,"column":7},"end":{"line":71,"column":13}},"36":{"start":{"line":63,"column":4},"end":{"line":63,"column":14}},"37":{"start":{"line":64,"column":7},"end":{"line":71,"column":13}},"38":{"start":{"line":65,"column":4},"end":{"line":65,"column":18}},"39":{"start":{"line":66,"column":7},"end":{"line":71,"column":13}},"40":{"start":{"line":67,"column":4},"end":{"line":67,"column":18}},"41":{"start":{"line":68,"column":7},"end":{"line":71,"column":13}},"42":{"start":{"line":69,"column":4},"end":{"line":69,"column":18}},"43":{"start":{"line":71,"column":4},"end":{"line":71,"column":13}},"44":{"start":{"line":74,"column":16},"end":{"line":88,"column":1}},"45":{"start":{"line":75,"column":13},"end":{"line":75,"column":14}},"46":{"start":{"line":76,"column":13},"end":{"line":76,"column":14}},"47":{"start":{"line":79,"column":2},"end":{"line":83,"column":3}},"48":{"start":{"line":80,"column":4},"end":{"line":80,"column":14}},"49":{"start":{"line":81,"column":4},"end":{"line":81,"column":18}},"50":{"start":{"line":82,"column":4},"end":{"line":82,"column":14}},"51":{"start":{"line":84,"column":2},"end":{"line":87,"column":3}}},"fnMap":{"0":{"name":"(anonymous_0)","decl":{"start":{"line":5,"column":28},"end":{"line":5,"column":29}},"loc":{"start":{"line":5,"column":43},"end":{"line":18,"column":1}},"line":5},"1":{"name":"frame","decl":{"start":{"line":7,"column":11},"end":{"line":7,"column":16}},"loc":{"start":{"line":7,"column":23},"end":{"line":16,"column":3}},"line":7},"2":{"name":"(anonymous_2)","decl":{"start":{"line":20,"column":23},"end":{"line":20,"column":24}},"loc":{"start":{"line":20,"column":32},"end":{"line":22,"column":1}},"line":20},"3":{"name":"(anonymous_3)","decl":{"start":{"line":24,"column":23},"end":{"line":24,"column":24}},"loc":{"start":{"line":24,"column":32},"end":{"line":27,"column":1}},"line":24},"4":{"name":"(anonymous_4)","decl":{"start":{"line":29,"column":25},"end":{"line":29,"column":26}},"loc":{"start":{"line":29,"column":43},"end":{"line":31,"column":1}},"line":29},"5":{"name":"(anonymous_5)","decl":{"start":{"line":33,"column":22},"end":{"line":33,"column":23}},"loc":{"start":{"line":33,"column":29},"end":{"line":35,"column":1}},"line":33},"6":{"name":"(anonymous_6)","decl":{"start":{"line":37,"column":20},"end":{"line":37,"column":21}},"loc":{"start":{"line":37,"column":37},"end":{"line":39,"column":1}},"line":37},"7":{"name":"(anonymous_7)","decl":{"start":{"line":41,"column":28},"end":{"line":41,"column":29}},"loc":{"start":{"line":41,"column":38},"end":{"line":43,"column":1}},"line":41},"8":{"name":"(anonymous_8)","decl":{"start":{"line":45,"column":34},"end":{"line":45,"column":35}},"loc":{"start":{"line":45,"column":54},"end":{"line":47,"column":1}},"line":45},"9":{"name":"(anonymous_9)","decl":{"start":{"line":49,"column":20},"end":{"line":49,"column":21}},"loc":{"start":{"line":49,"column":29},"end":{"line":51,"column":1}},"line":49},"10":{"name":"(anonymous_10)","decl":{"start":{"line":53,"column":32},"end":{"line":53,"column":33}},"loc":{"start":{"line":53,"column":43},"end":{"line":72,"column":1}},"line":53},"11":{"name":"(anonymous_11)","decl":{"start":{"line":74,"column":16},"end":{"line":74,"column":17}},"loc":{"start":{"line":74,"column":32},"end":{"line":88,"column":1}},"line":74}},"branchMap":{"0":{"loc":{"start":{"line":9,"column":4},"end":{"line":12,"column":5}},"type":"if","locations":[{"start":{"line":9,"column":4},"end":{"line":12,"column":5}},{"start":{},"end":{}}],"line":9},"1":{"loc":{"start":{"line":14,"column":4},"end":{"line":15,"column":35}},"type":"if","locations":[{"start":{"line":14,"column":4},"end":{"line":15,"column":35}},{"start":{},"end":{}}],"line":14},"2":{"loc":{"start":{"line":25,"column":10},"end":{"line":26,"column":36}},"type":"binary-expr","locations":[{"start":{"line":25,"column":10},"end":{"line":25,"column":36}},{"start":{"line":26,"column":4},"end":{"line":26,"column":7}},{"start":{"line":26,"column":11},"end":{"line":26,"column":36}}],"line":25},"3":{"loc":{"start":{"line":42,"column":10},"end":{"line":42,"column":58}},"type":"binary-expr","locations":[{"start":{"line":42,"column":10},"end":{"line":42,"column":19}},{"start":{"line":42,"column":23},"end":{"line":42,"column":32}},{"start":{"line":42,"column":36},"end":{"line":42,"column":45}},{"start":{"line":42,"column":49},"end":{"line":42,"column":58}}],"line":42},"4":{"loc":{"start":{"line":54,"column":2},"end":{"line":71,"column":13}},"type":"if","locations":[{"start":{"line":54,"column":2},"end":{"line":71,"column":13}},{"start":{"line":56,"column":7},"end":{"line":71,"column":13}}],"line":54},"5":{"loc":{"start":{"line":54,"column":5},"end":{"line":54,"column":39}},"type":"binary-expr","locations":[{"start":{"line":54,"column":5},"end":{"line":54,"column":15}},{"start":{"line":54,"column":19},"end":{"line":54,"column":39}}],"line":54},"6":{"loc":{"start":{"line":56,"column":7},"end":{"line":71,"column":13}},"type":"if","locations":[{"start":{"line":56,"column":7},"end":{"line":71,"column":13}},{"start":{"line":58,"column":7},"end":{"line":71,"column":13}}],"line":56},"7":{"loc":{"start":{"line":56,"column":10},"end":{"line":56,"column":55}},"type":"binary-expr","locations":[{"start":{"line":56,"column":10},"end":{"line":56,"column":31}},{"start":{"line":56,"column":35},"end":{"line":56,"column":55}}],"line":56},"8":{"loc":{"start":{"line":58,"column":7},"end":{"line":71,"column":13}},"type":"if","locations":[{"start":{"line":58,"column":7},"end":{"line":71,"column":13}},{"start":{"line":60,"column":7},"end":{"line":71,"column":13}}],"line":58},"9":{"loc":{"start":{"line":58,"column":10},"end":{"line":58,"column":55}},"type":"binary-expr","locations":[{"start":{"line":58,"column":10},"end":{"line":58,"column":31}},{"start":{"line":58,"column":35},"end":{"line":58,"column":55}}],"line":58},"10":{"loc":{"start":{"line":60,"column":7},"end":{"line":71,"column":13}},"type":"if","locations":[{"start":{"line":60,"column":7},"end":{"line":71,"column":13}},{"start":{"line":62,"column":7},"end":{"line":71,"column":13}}],"line":60},"11":{"loc":{"start":{"line":60,"column":10},"end":{"line":60,"column":53}},"type":"binary-expr","locations":[{"start":{"line":60,"column":10},"end":{"line":60,"column":31}},{"start":{"line":60,"column":35},"end":{"line":60,"column":53}}],"line":60},"12":{"loc":{"start":{"line":62,"column":7},"end":{"line":71,"column":13}},"type":"if","locations":[{"start":{"line":62,"column":7},"end":{"line":71,"column":13}},{"start":{"line":64,"column":7},"end":{"line":71,"column":13}}],"line":62},"13":{"loc":{"start":{"line":62,"column":10},"end":{"line":62,"column":51}},"type":"binary-expr","locations":[{"start":{"line":62,"column":10},"end":{"line":62,"column":29}},{"start":{"line":62,"column":33},"end":{"line":62,"column":51}}],"line":62},"14":{"loc":{"start":{"line":64,"column":7},"end":{"line":71,"column":13}},"type":"if","locations":[{"start":{"line":64,"column":7},"end":{"line":71,"column":13}},{"start":{"line":66,"column":7},"end":{"line":71,"column":13}}],"line":64},"15":{"loc":{"start":{"line":64,"column":10},"end":{"line":64,"column":55}},"type":"binary-expr","locations":[{"start":{"line":64,"column":10},"end":{"line":64,"column":29}},{"start":{"line":64,"column":33},"end":{"line":64,"column":55}}],"line":64},"16":{"loc":{"start":{"line":66,"column":7},"end":{"line":71,"column":13}},"type":"if","locations":[{"start":{"line":66,"column":7},"end":{"line":71,"column":13}},{"start":{"line":68,"column":7},"end":{"line":71,"column":13}}],"line":66},"17":{"loc":{"start":{"line":66,"column":10},"end":{"line":66,"column":59}},"type":"binary-expr","locations":[{"start":{"line":66,"column":10},"end":{"line":66,"column":33}},{"start":{"line":66,"column":37},"end":{"line":66,"column":59}}],"line":66},"18":{"loc":{"start":{"line":68,"column":7},"end":{"line":71,"column":13}},"type":"if","locations":[{"start":{"line":68,"column":7},"end":{"line":71,"column":13}},{"start":{"line":71,"column":4},"end":{"line":71,"column":13}}],"line":68},"19":{"loc":{"start":{"line":68,"column":10},"end":{"line":68,"column":59}},"type":"binary-expr","locations":[{"start":{"line":68,"column":10},"end":{"line":68,"column":32}},{"start":{"line":68,"column":36},"end":{"line":68,"column":59}}],"line":68}},"s":{"0":1,"1":0,"2":0,"3":0,"4":0,"5":0,"6":0,"7":0,"8":0,"9":0,"10":1,"11":0,"12":1,"13":0,"14":1,"15":0,"16":1,"17":0,"18":1,"19":0,"20":1,"21":0,"22":1,"23":0,"24":1,"25":0,"26":1,"27":0,"28":0,"29":0,"30":0,"31":0,"32":0,"33":0,"34":0,"35":0,"36":0,"37":0,"38":0,"39":0,"40":0,"41":0,"42":0,"43":0,"44":1,"45":0,"46":0,"47":0,"48":0,"49":0,"50":0,"51":0},"f":{"0":0,"1":0,"2":0,"3":0,"4":0,"5":0,"6":0,"7":0,"8":0,"9":0,"10":0,"11":0},"b":{"0":[0,0],"1":[0,0],"2":[0,0,0],"3":[0,0,0,0],"4":[0,0],"5":[0,0],"6":[0,0],"7":[0,0],"8":[0,0],"9":[0,0],"10":[0,0],"11":[0,0],"12":[0,0],"13":[0,0],"14":[0,0],"15":[0,0],"16":[0,0],"17":[0,0],"18":[0,0],"19":[0,0]},"_coverageSchema":"1a1c01bbd47fc00a2c39e90264f33305004495a9","hash":"98993717472f1b395b95c3828c864322ca07d2c3"}
,"C:\\Users\\clark\\Work\\Personal\\GitHub\\opensonic-js\\src\\sonic\\core\\v2d.ts": {"path":"C:\\Users\\clark\\Work\\Personal\\GitHub\\opensonic-js\\src\\sonic\\core\\v2d.ts","statementMap":{"0":{"start":{"line":15,"column":23},"end":{"line":18,"column":1}},"1":{"start":{"line":16,"column":18},"end":{"line":16,"column":33}},"2":{"start":{"line":17,"column":2},"end":{"line":17,"column":11}},"3":{"start":{"line":24,"column":23},"end":{"line":27,"column":1}},"4":{"start":{"line":25,"column":18},"end":{"line":25,"column":49}},"5":{"start":{"line":26,"column":2},"end":{"line":26,"column":11}},"6":{"start":{"line":33,"column":28},"end":{"line":36,"column":1}},"7":{"start":{"line":34,"column":18},"end":{"line":34,"column":49}},"8":{"start":{"line":35,"column":2},"end":{"line":35,"column":11}},"9":{"start":{"line":42,"column":28},"end":{"line":45,"column":1}},"10":{"start":{"line":43,"column":18},"end":{"line":43,"column":45}},"11":{"start":{"line":44,"column":2},"end":{"line":44,"column":11}},"12":{"start":{"line":51,"column":29},"end":{"line":53,"column":1}},"13":{"start":{"line":52,"column":2},"end":{"line":52,"column":44}},"14":{"start":{"line":59,"column":30},"end":{"line":61,"column":1}},"15":{"start":{"line":60,"column":2},"end":{"line":60,"column":29}},"16":{"start":{"line":67,"column":26},"end":{"line":75,"column":1}},"17":{"start":{"line":68,"column":12},"end":{"line":68,"column":15}},"18":{"start":{"line":69,"column":12},"end":{"line":69,"column":15}},"19":{"start":{"line":70,"column":18},"end":{"line":73,"column":3}},"20":{"start":{"line":74,"column":2},"end":{"line":74,"column":11}},"21":{"start":{"line":82,"column":29},"end":{"line":86,"column":1}},"22":{"start":{"line":83,"column":12},"end":{"line":83,"column":28}},"23":{"start":{"line":84,"column":12},"end":{"line":84,"column":63}},"24":{"start":{"line":85,"column":2},"end":{"line":85,"column":11}},"25":{"start":{"line":95,"column":24},"end":{"line":99,"column":1}},"26":{"start":{"line":96,"column":12},"end":{"line":96,"column":34}},"27":{"start":{"line":97,"column":12},"end":{"line":97,"column":19}},"28":{"start":{"line":98,"column":2},"end":{"line":98,"column":43}}},"fnMap":{"0":{"name":"(anonymous_0)","decl":{"start":{"line":15,"column":23},"end":{"line":15,"column":24}},"loc":{"start":{"line":15,"column":53},"end":{"line":18,"column":1}},"line":15},"1":{"name":"(anonymous_1)","decl":{"start":{"line":24,"column":23},"end":{"line":24,"column":24}},"loc":{"start":{"line":24,"column":51},"end":{"line":27,"column":1}},"line":24},"2":{"name":"(anonymous_2)","decl":{"start":{"line":33,"column":28},"end":{"line":33,"column":29}},"loc":{"start":{"line":33,"column":56},"end":{"line":36,"column":1}},"line":33},"3":{"name":"(anonymous_3)","decl":{"start":{"line":42,"column":28},"end":{"line":42,"column":29}},"loc":{"start":{"line":42,"column":57},"end":{"line":45,"column":1}},"line":42},"4":{"name":"(anonymous_4)","decl":{"start":{"line":51,"column":29},"end":{"line":51,"column":30}},"loc":{"start":{"line":51,"column":50},"end":{"line":53,"column":1}},"line":51},"5":{"name":"(anonymous_5)","decl":{"start":{"line":59,"column":30},"end":{"line":59,"column":31}},"loc":{"start":{"line":59,"column":60},"end":{"line":61,"column":1}},"line":59},"6":{"name":"(anonymous_6)","decl":{"start":{"line":67,"column":26},"end":{"line":67,"column":27}},"loc":{"start":{"line":67,"column":57},"end":{"line":75,"column":1}},"line":67},"7":{"name":"(anonymous_7)","decl":{"start":{"line":82,"column":29},"end":{"line":82,"column":30}},"loc":{"start":{"line":82,"column":48},"end":{"line":86,"column":1}},"line":82},"8":{"name":"(anonymous_8)","decl":{"start":{"line":95,"column":24},"end":{"line":95,"column":25}},"loc":{"start":{"line":95,"column":69},"end":{"line":99,"column":1}},"line":95}},"branchMap":{"0":{"loc":{"start":{"line":84,"column":12},"end":{"line":84,"column":63}},"type":"cond-expr","locations":[{"start":{"line":84,"column":28},"end":{"line":84,"column":48}},{"start":{"line":84,"column":51},"end":{"line":84,"column":63}}],"line":84}},"s":{"0":1,"1":9,"2":9,"3":1,"4":1,"5":1,"6":1,"7":1,"8":1,"9":1,"10":1,"11":1,"12":1,"13":1,"14":1,"15":1,"16":1,"17":0,"18":0,"19":0,"20":0,"21":1,"22":0,"23":0,"24":0,"25":1,"26":0,"27":0,"28":0},"f":{"0":9,"1":1,"2":1,"3":1,"4":1,"5":1,"6":0,"7":0,"8":0},"b":{"0":[0,0]},"_coverageSchema":"1a1c01bbd47fc00a2c39e90264f33305004495a9","hash":"e18119bf60049dc0f44c92608f054022d75750c8"}
}
